<?xml version="1.0" encoding="UTF-8"?>
<!-- Generated by org.testng.reporters.JUnitReportReporter -->
<testsuite skipped="0" hostname="LAPTOP-7FU90PJB" name="testScript.Test1" tests="1" failures="0" timestamp="05 Sep 2018 05:10:39 GMT" time="35.611" errors="0">
  <testcase name="facebookTest" time="35.611" classname="testScript.Test1"/>
</testsuite> <!-- testScript.Test1 -->
